2024-09-25 13:22:13,287 - INFO - Starting the model selection, training, and tuning process.
2024-09-25 13:22:13,287 - INFO - Setting up PyCaret environment.
2024-09-25 13:22:14,502 - INFO - Initial Data Overview:
   PassengerId  Survived  Pclass                                               Name  ...            Ticket     Fare  Cabin  Embarked
0            1         0       3                            Braund, Mr. Owen Harris  ...         A/5 21171   7.2500    NaN         S
1            2         1       1  Cumings, Mrs. John Bradley (Florence Briggs Th...  ...          PC 17599  71.2833    C85         C
2            3         1       3                             Heikkinen, Miss. Laina  ...  STON/O2. 3101282   7.9250    NaN         S
3            4         1       1       Futrelle, Mrs. Jacques Heath (Lily May Peel)  ...            113803  53.1000   C123         S
4            5         0       3                           Allen, Mr. William Henry  ...            373450   8.0500    NaN         S

[5 rows x 12 columns]
2024-09-25 13:22:14,991 - INFO - Feature names saved: ['PassengerId', 'Pclass', 'Sex', 'Age', 'SibSp', 'Parch', 'Fare', 'Embarked']
2024-09-25 13:22:14,991 - INFO - Comparing models based on Accuracy.
2024-09-25 13:22:22,100 - INFO - Best model: RandomForestClassifier(bootstrap=True, ccp_alpha=0.0, class_weight=None,
                       criterion='gini', max_depth=None, max_features='sqrt',
                       max_leaf_nodes=None, max_samples=None,
                       min_impurity_decrease=0.0, min_samples_leaf=1,
                       min_samples_split=2, min_weight_fraction_leaf=0.0,
                       monotonic_cst=None, n_estimators=100, n_jobs=-1,
                       oob_score=False, random_state=42, verbose=0,
                       warm_start=False)
2024-09-25 13:22:22,107 - INFO - Model comparison results saved to model_comparison.csv
2024-09-25 13:22:22,107 - INFO - Tuning hyperparameters for the best model.
2024-09-25 13:22:26,330 - INFO - Tuned model: RandomForestClassifier(bootstrap=True, ccp_alpha=0.0, class_weight={},
                       criterion='entropy', max_depth=9, max_features='sqrt',
                       max_leaf_nodes=None, max_samples=None,
                       min_impurity_decrease=0, min_samples_leaf=6,
                       min_samples_split=10, min_weight_fraction_leaf=0.0,
                       monotonic_cst=None, n_estimators=230, n_jobs=-1,
                       oob_score=False, random_state=42, verbose=0,
                       warm_start=False)
2024-09-25 13:22:26,336 - INFO - Tuned model results saved to tuned_model_results.csv
2024-09-25 13:22:26,336 - INFO - Finalizing the model after tuning.
2024-09-25 13:22:26,792 - INFO - Model saved to /Users/Tarak/Personal/mlops_assignment_2/mlops_assignment_2/scripts/../models/best_titanic_model.pkl
2024-09-25 13:22:26,800 - INFO - Final model details:
Pipeline(memory=Memory(location=None),
         steps=[('numerical_imputer',
                 TransformerWrapper(exclude=None,
                                    include=['PassengerId', 'Pclass', 'Age',
                                             'SibSp', 'Parch', 'Fare'],
                                    transformer=SimpleImputer(add_indicator=False,
                                                              copy=True,
                                                              fill_value=None,
                                                              keep_empty_features=False,
                                                              missing_values=nan,
                                                              strategy='mean'))),
                ('categorical_imputer',
                 TransformerWrapper(exclude=None...
                 RandomForestClassifier(bootstrap=True, ccp_alpha=0.0,
                                        class_weight={}, criterion='entropy',
                                        max_depth=9, max_features='sqrt',
                                        max_leaf_nodes=None, max_samples=None,
                                        min_impurity_decrease=0,
                                        min_samples_leaf=6,
                                        min_samples_split=10,
                                        min_weight_fraction_leaf=0.0,
                                        monotonic_cst=None, n_estimators=230,
                                        n_jobs=-1, oob_score=False,
                                        random_state=42, verbose=0,
                                        warm_start=False))],
         verbose=False)
2024-09-25 13:22:26,800 - INFO - Model training process completed.
